2024-08-19 11:03:52,284 ERROR frappe New Exception collected in error log
Site: paylik
Form Dict: {}
2024-08-19 11:03:53,493 ERROR frappe New Exception collected in error log
Site: paylik
Form Dict: {}
2024-08-19 11:04:34,895 ERROR frappe New Exception collected in error log
Site: paylik
Form Dict: {}
2024-08-19 11:04:35,202 ERROR frappe New Exception collected in error log
Site: paylik
Form Dict: {}
2024-08-19 11:08:54,984 ERROR frappe New Exception collected in error log
Site: paylik
Form Dict: {'args': '{"language":"English","country":"Morocco","timezone":"Africa/Casablanca","currency":"MAD","full_name":"soumaya","email":"eloualidsoumaya@gmail.com","password":"marooc 4011"}', 'cmd': 'frappe.desk.page.setup_wizard.setup_wizard.setup_complete'}
2024-08-19 11:09:51,516 ERROR frappe New Exception collected in error log
Site: paylik
Form Dict: {'args': '{"language":"English","country":"Morocco","timezone":"Africa/Casablanca","currency":"MAD","full_name":"soumaya","email":"eloualidsoumaya@gmail.com","password":"marooc 4011"}', 'cmd': 'frappe.desk.page.setup_wizard.setup_wizard.setup_complete'}
2024-08-19 11:10:26,317 ERROR frappe New Exception collected in error log
Site: paylik
Form Dict: {'args': '{"language":"English","country":"Morocco","timezone":"Africa/Casablanca","currency":"MAD","full_name":"soumaya","email":"eloualidsoumaya@gmail.com","password":"marooc 4011"}', 'cmd': 'frappe.desk.page.setup_wizard.setup_wizard.setup_complete'}
2024-08-19 11:11:29,499 ERROR frappe New Exception collected in error log
Site: paylik
Form Dict: {}
2024-08-19 11:11:33,778 ERROR frappe New Exception collected in error log
Site: paylik
Form Dict: {}
2024-08-19 11:12:19,131 ERROR frappe New Exception collected in error log
Site: paylik
Form Dict: {}
2024-08-19 11:12:19,697 ERROR frappe New Exception collected in error log
Site: paylik
Form Dict: {}
2024-08-19 11:12:23,695 ERROR frappe New Exception collected in error log
Site: paylik
Form Dict: {}
2024-08-19 11:12:24,080 ERROR frappe New Exception collected in error log
Site: paylik
Form Dict: {}
2024-08-19 11:41:35,772 ERROR frappe New Exception collected in error log
Site: paylik
Form Dict: {}
2024-08-19 11:41:36,135 ERROR frappe New Exception collected in error log
Site: paylik
Form Dict: {}
2024-08-19 13:19:08,463 ERROR frappe Could not take error snapshot: No module named 'paylik_erp'
Site: paylik
Form Dict: {}
Traceback (most recent call last):
  File "/home/soumaya/frappe-bench/apps/frappe/frappe/app.py", line 99, in application
    init_request(request)
  File "/home/soumaya/frappe-bench/apps/frappe/frappe/app.py", line 172, in init_request
    frappe.init(site=site, sites_path=_sites_path, force=True)
  File "/home/soumaya/frappe-bench/apps/frappe/frappe/__init__.py", line 313, in init
    setup_module_map(include_all_apps=not (frappe.request or frappe.job or frappe.flags.in_migrate))
  File "/home/soumaya/frappe-bench/apps/frappe/frappe/__init__.py", line 1692, in setup_module_map
    for module in get_module_list(app):
                  ^^^^^^^^^^^^^^^^^^^^
  File "/home/soumaya/frappe-bench/apps/frappe/frappe/__init__.py", line 1540, in get_module_list
    return get_file_items(get_app_path(app_name, "modules.txt"))
                          ^^^^^^^^^^^^^^^^^^^^^^^^^^^^^^^^^^^^^
  File "/home/soumaya/frappe-bench/apps/frappe/frappe/__init__.py", line 1505, in get_app_path
    return get_pymodule_path(app_name, *joins)
           ^^^^^^^^^^^^^^^^^^^^^^^^^^^^^^^^^^^
  File "/home/soumaya/frappe-bench/apps/frappe/frappe/__init__.py", line 1535, in get_pymodule_path
    return abspath(join(dirname(get_module(scrub(modulename)).__file__ or ""), *joins))
                                ^^^^^^^^^^^^^^^^^^^^^^^^^^^^^
  File "/home/soumaya/frappe-bench/apps/frappe/frappe/__init__.py", line 1476, in get_module
    return importlib.import_module(modulename)
           ^^^^^^^^^^^^^^^^^^^^^^^^^^^^^^^^^^^
  File "/usr/lib/python3.12/importlib/__init__.py", line 90, in import_module
    return _bootstrap._gcd_import(name[level:], package, level)
           ^^^^^^^^^^^^^^^^^^^^^^^^^^^^^^^^^^^^^^^^^^^^^^^^^^^^
  File "<frozen importlib._bootstrap>", line 1387, in _gcd_import
  File "<frozen importlib._bootstrap>", line 1360, in _find_and_load
  File "<frozen importlib._bootstrap>", line 1324, in _find_and_load_unlocked
ModuleNotFoundError: No module named 'paylik_erp'

During handling of the above exception, another exception occurred:

Traceback (most recent call last):
  File "/home/soumaya/frappe-bench/apps/frappe/frappe/utils/error.py", line 86, in log_error_snapshot
    log_error(title=str(exception), defer_insert=True)
  File "/home/soumaya/frappe-bench/apps/frappe/frappe/utils/error.py", line 61, in log_error
    error_log = frappe.get_doc(
                ^^^^^^^^^^^^^^^
  File "/home/soumaya/frappe-bench/apps/frappe/frappe/__init__.py", line 1333, in get_doc
    doc = frappe.model.document.get_doc(*args, **kwargs)
          ^^^^^^^^^^^^^^^^^^^^^^^^^^^^^^^^^^^^^^^^^^^^^^
  File "/home/soumaya/frappe-bench/apps/frappe/frappe/model/document.py", line 83, in get_doc
    controller = get_controller(doctype)
                 ^^^^^^^^^^^^^^^^^^^^^^^
  File "/home/soumaya/frappe-bench/apps/frappe/frappe/model/base_document.py", line 66, in get_controller
    return import_controller(doctype)
           ^^^^^^^^^^^^^^^^^^^^^^^^^^
  File "/home/soumaya/frappe-bench/apps/frappe/frappe/model/base_document.py", line 88, in import_controller
    class_overrides = frappe.get_hooks("override_doctype_class")
                      ^^^^^^^^^^^^^^^^^^^^^^^^^^^^^^^^^^^^^^^^^^
  File "/home/soumaya/frappe-bench/apps/frappe/frappe/__init__.py", line 1641, in get_hooks
    hooks = _dict(_load_app_hooks())
                  ^^^^^^^^^^^^^^^^^
  File "/home/soumaya/frappe-bench/apps/frappe/frappe/utils/caching.py", line 45, in wrapper
    return func(*args, **kwargs)
           ^^^^^^^^^^^^^^^^^^^^^
  File "/home/soumaya/frappe-bench/apps/frappe/frappe/__init__.py", line 1610, in _load_app_hooks
    app_hooks = get_module(f"{app}.hooks")
                ^^^^^^^^^^^^^^^^^^^^^^^^^^
  File "/home/soumaya/frappe-bench/apps/frappe/frappe/__init__.py", line 1476, in get_module
    return importlib.import_module(modulename)
           ^^^^^^^^^^^^^^^^^^^^^^^^^^^^^^^^^^^
  File "/usr/lib/python3.12/importlib/__init__.py", line 90, in import_module
    return _bootstrap._gcd_import(name[level:], package, level)
           ^^^^^^^^^^^^^^^^^^^^^^^^^^^^^^^^^^^^^^^^^^^^^^^^^^^^
  File "<frozen importlib._bootstrap>", line 1387, in _gcd_import
  File "<frozen importlib._bootstrap>", line 1360, in _find_and_load
  File "<frozen importlib._bootstrap>", line 1310, in _find_and_load_unlocked
  File "<frozen importlib._bootstrap>", line 488, in _call_with_frames_removed
  File "<frozen importlib._bootstrap>", line 1387, in _gcd_import
  File "<frozen importlib._bootstrap>", line 1360, in _find_and_load
  File "<frozen importlib._bootstrap>", line 1324, in _find_and_load_unlocked
ModuleNotFoundError: No module named 'paylik_erp'
2024-08-19 13:19:48,405 ERROR frappe Could not take error snapshot: No module named 'paylik_erp'
Site: paylik
Form Dict: {}
Traceback (most recent call last):
  File "/home/soumaya/frappe-bench/apps/frappe/frappe/app.py", line 99, in application
    init_request(request)
  File "/home/soumaya/frappe-bench/apps/frappe/frappe/app.py", line 172, in init_request
    frappe.init(site=site, sites_path=_sites_path, force=True)
  File "/home/soumaya/frappe-bench/apps/frappe/frappe/__init__.py", line 313, in init
    setup_module_map(include_all_apps=not (frappe.request or frappe.job or frappe.flags.in_migrate))
  File "/home/soumaya/frappe-bench/apps/frappe/frappe/__init__.py", line 1692, in setup_module_map
    for module in get_module_list(app):
                  ^^^^^^^^^^^^^^^^^^^^
  File "/home/soumaya/frappe-bench/apps/frappe/frappe/__init__.py", line 1540, in get_module_list
    return get_file_items(get_app_path(app_name, "modules.txt"))
                          ^^^^^^^^^^^^^^^^^^^^^^^^^^^^^^^^^^^^^
  File "/home/soumaya/frappe-bench/apps/frappe/frappe/__init__.py", line 1505, in get_app_path
    return get_pymodule_path(app_name, *joins)
           ^^^^^^^^^^^^^^^^^^^^^^^^^^^^^^^^^^^
  File "/home/soumaya/frappe-bench/apps/frappe/frappe/__init__.py", line 1535, in get_pymodule_path
    return abspath(join(dirname(get_module(scrub(modulename)).__file__ or ""), *joins))
                                ^^^^^^^^^^^^^^^^^^^^^^^^^^^^^
  File "/home/soumaya/frappe-bench/apps/frappe/frappe/__init__.py", line 1476, in get_module
    return importlib.import_module(modulename)
           ^^^^^^^^^^^^^^^^^^^^^^^^^^^^^^^^^^^
  File "/usr/lib/python3.12/importlib/__init__.py", line 90, in import_module
    return _bootstrap._gcd_import(name[level:], package, level)
           ^^^^^^^^^^^^^^^^^^^^^^^^^^^^^^^^^^^^^^^^^^^^^^^^^^^^
  File "<frozen importlib._bootstrap>", line 1387, in _gcd_import
  File "<frozen importlib._bootstrap>", line 1360, in _find_and_load
  File "<frozen importlib._bootstrap>", line 1324, in _find_and_load_unlocked
ModuleNotFoundError: No module named 'paylik_erp'

During handling of the above exception, another exception occurred:

Traceback (most recent call last):
  File "/home/soumaya/frappe-bench/apps/frappe/frappe/utils/error.py", line 86, in log_error_snapshot
    log_error(title=str(exception), defer_insert=True)
  File "/home/soumaya/frappe-bench/apps/frappe/frappe/utils/error.py", line 61, in log_error
    error_log = frappe.get_doc(
                ^^^^^^^^^^^^^^^
  File "/home/soumaya/frappe-bench/apps/frappe/frappe/__init__.py", line 1333, in get_doc
    doc = frappe.model.document.get_doc(*args, **kwargs)
          ^^^^^^^^^^^^^^^^^^^^^^^^^^^^^^^^^^^^^^^^^^^^^^
  File "/home/soumaya/frappe-bench/apps/frappe/frappe/model/document.py", line 83, in get_doc
    controller = get_controller(doctype)
                 ^^^^^^^^^^^^^^^^^^^^^^^
  File "/home/soumaya/frappe-bench/apps/frappe/frappe/model/base_document.py", line 66, in get_controller
    return import_controller(doctype)
           ^^^^^^^^^^^^^^^^^^^^^^^^^^
  File "/home/soumaya/frappe-bench/apps/frappe/frappe/model/base_document.py", line 88, in import_controller
    class_overrides = frappe.get_hooks("override_doctype_class")
                      ^^^^^^^^^^^^^^^^^^^^^^^^^^^^^^^^^^^^^^^^^^
  File "/home/soumaya/frappe-bench/apps/frappe/frappe/__init__.py", line 1641, in get_hooks
    hooks = _dict(_load_app_hooks())
                  ^^^^^^^^^^^^^^^^^
  File "/home/soumaya/frappe-bench/apps/frappe/frappe/utils/caching.py", line 45, in wrapper
    return func(*args, **kwargs)
           ^^^^^^^^^^^^^^^^^^^^^
  File "/home/soumaya/frappe-bench/apps/frappe/frappe/__init__.py", line 1610, in _load_app_hooks
    app_hooks = get_module(f"{app}.hooks")
                ^^^^^^^^^^^^^^^^^^^^^^^^^^
  File "/home/soumaya/frappe-bench/apps/frappe/frappe/__init__.py", line 1476, in get_module
    return importlib.import_module(modulename)
           ^^^^^^^^^^^^^^^^^^^^^^^^^^^^^^^^^^^
  File "/usr/lib/python3.12/importlib/__init__.py", line 90, in import_module
    return _bootstrap._gcd_import(name[level:], package, level)
           ^^^^^^^^^^^^^^^^^^^^^^^^^^^^^^^^^^^^^^^^^^^^^^^^^^^^
  File "<frozen importlib._bootstrap>", line 1387, in _gcd_import
  File "<frozen importlib._bootstrap>", line 1360, in _find_and_load
  File "<frozen importlib._bootstrap>", line 1310, in _find_and_load_unlocked
  File "<frozen importlib._bootstrap>", line 488, in _call_with_frames_removed
  File "<frozen importlib._bootstrap>", line 1387, in _gcd_import
  File "<frozen importlib._bootstrap>", line 1360, in _find_and_load
  File "<frozen importlib._bootstrap>", line 1324, in _find_and_load_unlocked
ModuleNotFoundError: No module named 'paylik_erp'
2024-08-19 13:19:52,777 ERROR frappe Could not take error snapshot: No module named 'paylik_erp'
Site: paylik
Form Dict: {}
Traceback (most recent call last):
  File "/home/soumaya/frappe-bench/apps/frappe/frappe/app.py", line 99, in application
    init_request(request)
  File "/home/soumaya/frappe-bench/apps/frappe/frappe/app.py", line 172, in init_request
    frappe.init(site=site, sites_path=_sites_path, force=True)
  File "/home/soumaya/frappe-bench/apps/frappe/frappe/__init__.py", line 313, in init
    setup_module_map(include_all_apps=not (frappe.request or frappe.job or frappe.flags.in_migrate))
  File "/home/soumaya/frappe-bench/apps/frappe/frappe/__init__.py", line 1692, in setup_module_map
    for module in get_module_list(app):
                  ^^^^^^^^^^^^^^^^^^^^
  File "/home/soumaya/frappe-bench/apps/frappe/frappe/__init__.py", line 1540, in get_module_list
    return get_file_items(get_app_path(app_name, "modules.txt"))
                          ^^^^^^^^^^^^^^^^^^^^^^^^^^^^^^^^^^^^^
  File "/home/soumaya/frappe-bench/apps/frappe/frappe/__init__.py", line 1505, in get_app_path
    return get_pymodule_path(app_name, *joins)
           ^^^^^^^^^^^^^^^^^^^^^^^^^^^^^^^^^^^
  File "/home/soumaya/frappe-bench/apps/frappe/frappe/__init__.py", line 1535, in get_pymodule_path
    return abspath(join(dirname(get_module(scrub(modulename)).__file__ or ""), *joins))
                                ^^^^^^^^^^^^^^^^^^^^^^^^^^^^^
  File "/home/soumaya/frappe-bench/apps/frappe/frappe/__init__.py", line 1476, in get_module
    return importlib.import_module(modulename)
           ^^^^^^^^^^^^^^^^^^^^^^^^^^^^^^^^^^^
  File "/usr/lib/python3.12/importlib/__init__.py", line 90, in import_module
    return _bootstrap._gcd_import(name[level:], package, level)
           ^^^^^^^^^^^^^^^^^^^^^^^^^^^^^^^^^^^^^^^^^^^^^^^^^^^^
  File "<frozen importlib._bootstrap>", line 1387, in _gcd_import
  File "<frozen importlib._bootstrap>", line 1360, in _find_and_load
  File "<frozen importlib._bootstrap>", line 1324, in _find_and_load_unlocked
ModuleNotFoundError: No module named 'paylik_erp'

During handling of the above exception, another exception occurred:

Traceback (most recent call last):
  File "/home/soumaya/frappe-bench/apps/frappe/frappe/utils/error.py", line 86, in log_error_snapshot
    log_error(title=str(exception), defer_insert=True)
  File "/home/soumaya/frappe-bench/apps/frappe/frappe/utils/error.py", line 61, in log_error
    error_log = frappe.get_doc(
                ^^^^^^^^^^^^^^^
  File "/home/soumaya/frappe-bench/apps/frappe/frappe/__init__.py", line 1333, in get_doc
    doc = frappe.model.document.get_doc(*args, **kwargs)
          ^^^^^^^^^^^^^^^^^^^^^^^^^^^^^^^^^^^^^^^^^^^^^^
  File "/home/soumaya/frappe-bench/apps/frappe/frappe/model/document.py", line 83, in get_doc
    controller = get_controller(doctype)
                 ^^^^^^^^^^^^^^^^^^^^^^^
  File "/home/soumaya/frappe-bench/apps/frappe/frappe/model/base_document.py", line 66, in get_controller
    return import_controller(doctype)
           ^^^^^^^^^^^^^^^^^^^^^^^^^^
  File "/home/soumaya/frappe-bench/apps/frappe/frappe/model/base_document.py", line 88, in import_controller
    class_overrides = frappe.get_hooks("override_doctype_class")
                      ^^^^^^^^^^^^^^^^^^^^^^^^^^^^^^^^^^^^^^^^^^
  File "/home/soumaya/frappe-bench/apps/frappe/frappe/__init__.py", line 1641, in get_hooks
    hooks = _dict(_load_app_hooks())
                  ^^^^^^^^^^^^^^^^^
  File "/home/soumaya/frappe-bench/apps/frappe/frappe/utils/caching.py", line 45, in wrapper
    return func(*args, **kwargs)
           ^^^^^^^^^^^^^^^^^^^^^
  File "/home/soumaya/frappe-bench/apps/frappe/frappe/__init__.py", line 1610, in _load_app_hooks
    app_hooks = get_module(f"{app}.hooks")
                ^^^^^^^^^^^^^^^^^^^^^^^^^^
  File "/home/soumaya/frappe-bench/apps/frappe/frappe/__init__.py", line 1476, in get_module
    return importlib.import_module(modulename)
           ^^^^^^^^^^^^^^^^^^^^^^^^^^^^^^^^^^^
  File "/usr/lib/python3.12/importlib/__init__.py", line 90, in import_module
    return _bootstrap._gcd_import(name[level:], package, level)
           ^^^^^^^^^^^^^^^^^^^^^^^^^^^^^^^^^^^^^^^^^^^^^^^^^^^^
  File "<frozen importlib._bootstrap>", line 1387, in _gcd_import
  File "<frozen importlib._bootstrap>", line 1360, in _find_and_load
  File "<frozen importlib._bootstrap>", line 1310, in _find_and_load_unlocked
  File "<frozen importlib._bootstrap>", line 488, in _call_with_frames_removed
  File "<frozen importlib._bootstrap>", line 1387, in _gcd_import
  File "<frozen importlib._bootstrap>", line 1360, in _find_and_load
  File "<frozen importlib._bootstrap>", line 1324, in _find_and_load_unlocked
ModuleNotFoundError: No module named 'paylik_erp'
2024-08-19 13:23:35,564 ERROR frappe Could not take error snapshot: No module named 'paylik_erp'
Site: paylik
Form Dict: {}
Traceback (most recent call last):
  File "/home/soumaya/frappe-bench/apps/frappe/frappe/app.py", line 99, in application
    init_request(request)
  File "/home/soumaya/frappe-bench/apps/frappe/frappe/app.py", line 172, in init_request
    frappe.init(site=site, sites_path=_sites_path, force=True)
  File "/home/soumaya/frappe-bench/apps/frappe/frappe/__init__.py", line 313, in init
    setup_module_map(include_all_apps=not (frappe.request or frappe.job or frappe.flags.in_migrate))
  File "/home/soumaya/frappe-bench/apps/frappe/frappe/__init__.py", line 1692, in setup_module_map
    for module in get_module_list(app):
                  ^^^^^^^^^^^^^^^^^^^^
  File "/home/soumaya/frappe-bench/apps/frappe/frappe/__init__.py", line 1540, in get_module_list
    return get_file_items(get_app_path(app_name, "modules.txt"))
                          ^^^^^^^^^^^^^^^^^^^^^^^^^^^^^^^^^^^^^
  File "/home/soumaya/frappe-bench/apps/frappe/frappe/__init__.py", line 1505, in get_app_path
    return get_pymodule_path(app_name, *joins)
           ^^^^^^^^^^^^^^^^^^^^^^^^^^^^^^^^^^^
  File "/home/soumaya/frappe-bench/apps/frappe/frappe/__init__.py", line 1535, in get_pymodule_path
    return abspath(join(dirname(get_module(scrub(modulename)).__file__ or ""), *joins))
                                ^^^^^^^^^^^^^^^^^^^^^^^^^^^^^
  File "/home/soumaya/frappe-bench/apps/frappe/frappe/__init__.py", line 1476, in get_module
    return importlib.import_module(modulename)
           ^^^^^^^^^^^^^^^^^^^^^^^^^^^^^^^^^^^
  File "/usr/lib/python3.12/importlib/__init__.py", line 90, in import_module
    return _bootstrap._gcd_import(name[level:], package, level)
           ^^^^^^^^^^^^^^^^^^^^^^^^^^^^^^^^^^^^^^^^^^^^^^^^^^^^
  File "<frozen importlib._bootstrap>", line 1387, in _gcd_import
  File "<frozen importlib._bootstrap>", line 1360, in _find_and_load
  File "<frozen importlib._bootstrap>", line 1324, in _find_and_load_unlocked
ModuleNotFoundError: No module named 'paylik_erp'

During handling of the above exception, another exception occurred:

Traceback (most recent call last):
  File "/home/soumaya/frappe-bench/apps/frappe/frappe/utils/error.py", line 86, in log_error_snapshot
    log_error(title=str(exception), defer_insert=True)
  File "/home/soumaya/frappe-bench/apps/frappe/frappe/utils/error.py", line 61, in log_error
    error_log = frappe.get_doc(
                ^^^^^^^^^^^^^^^
  File "/home/soumaya/frappe-bench/apps/frappe/frappe/__init__.py", line 1333, in get_doc
    doc = frappe.model.document.get_doc(*args, **kwargs)
          ^^^^^^^^^^^^^^^^^^^^^^^^^^^^^^^^^^^^^^^^^^^^^^
  File "/home/soumaya/frappe-bench/apps/frappe/frappe/model/document.py", line 83, in get_doc
    controller = get_controller(doctype)
                 ^^^^^^^^^^^^^^^^^^^^^^^
  File "/home/soumaya/frappe-bench/apps/frappe/frappe/model/base_document.py", line 66, in get_controller
    return import_controller(doctype)
           ^^^^^^^^^^^^^^^^^^^^^^^^^^
  File "/home/soumaya/frappe-bench/apps/frappe/frappe/model/base_document.py", line 88, in import_controller
    class_overrides = frappe.get_hooks("override_doctype_class")
                      ^^^^^^^^^^^^^^^^^^^^^^^^^^^^^^^^^^^^^^^^^^
  File "/home/soumaya/frappe-bench/apps/frappe/frappe/__init__.py", line 1641, in get_hooks
    hooks = _dict(_load_app_hooks())
                  ^^^^^^^^^^^^^^^^^
  File "/home/soumaya/frappe-bench/apps/frappe/frappe/utils/caching.py", line 45, in wrapper
    return func(*args, **kwargs)
           ^^^^^^^^^^^^^^^^^^^^^
  File "/home/soumaya/frappe-bench/apps/frappe/frappe/__init__.py", line 1610, in _load_app_hooks
    app_hooks = get_module(f"{app}.hooks")
                ^^^^^^^^^^^^^^^^^^^^^^^^^^
  File "/home/soumaya/frappe-bench/apps/frappe/frappe/__init__.py", line 1476, in get_module
    return importlib.import_module(modulename)
           ^^^^^^^^^^^^^^^^^^^^^^^^^^^^^^^^^^^
  File "/usr/lib/python3.12/importlib/__init__.py", line 90, in import_module
    return _bootstrap._gcd_import(name[level:], package, level)
           ^^^^^^^^^^^^^^^^^^^^^^^^^^^^^^^^^^^^^^^^^^^^^^^^^^^^
  File "<frozen importlib._bootstrap>", line 1387, in _gcd_import
  File "<frozen importlib._bootstrap>", line 1360, in _find_and_load
  File "<frozen importlib._bootstrap>", line 1310, in _find_and_load_unlocked
  File "<frozen importlib._bootstrap>", line 488, in _call_with_frames_removed
  File "<frozen importlib._bootstrap>", line 1387, in _gcd_import
  File "<frozen importlib._bootstrap>", line 1360, in _find_and_load
  File "<frozen importlib._bootstrap>", line 1324, in _find_and_load_unlocked
ModuleNotFoundError: No module named 'paylik_erp'
2024-08-19 13:45:06,809 ERROR frappe Could not take error snapshot: No module named 'paylik_erp'
Site: paylik
Form Dict: {}
Traceback (most recent call last):
  File "/home/soumaya/frappe-bench/apps/frappe/frappe/app.py", line 99, in application
    init_request(request)
  File "/home/soumaya/frappe-bench/apps/frappe/frappe/app.py", line 172, in init_request
    frappe.init(site=site, sites_path=_sites_path, force=True)
  File "/home/soumaya/frappe-bench/apps/frappe/frappe/__init__.py", line 313, in init
    setup_module_map(include_all_apps=not (frappe.request or frappe.job or frappe.flags.in_migrate))
  File "/home/soumaya/frappe-bench/apps/frappe/frappe/__init__.py", line 1692, in setup_module_map
    for module in get_module_list(app):
                  ^^^^^^^^^^^^^^^^^^^^
  File "/home/soumaya/frappe-bench/apps/frappe/frappe/__init__.py", line 1540, in get_module_list
    return get_file_items(get_app_path(app_name, "modules.txt"))
                          ^^^^^^^^^^^^^^^^^^^^^^^^^^^^^^^^^^^^^
  File "/home/soumaya/frappe-bench/apps/frappe/frappe/__init__.py", line 1505, in get_app_path
    return get_pymodule_path(app_name, *joins)
           ^^^^^^^^^^^^^^^^^^^^^^^^^^^^^^^^^^^
  File "/home/soumaya/frappe-bench/apps/frappe/frappe/__init__.py", line 1535, in get_pymodule_path
    return abspath(join(dirname(get_module(scrub(modulename)).__file__ or ""), *joins))
                                ^^^^^^^^^^^^^^^^^^^^^^^^^^^^^
  File "/home/soumaya/frappe-bench/apps/frappe/frappe/__init__.py", line 1476, in get_module
    return importlib.import_module(modulename)
           ^^^^^^^^^^^^^^^^^^^^^^^^^^^^^^^^^^^
  File "/usr/lib/python3.12/importlib/__init__.py", line 90, in import_module
    return _bootstrap._gcd_import(name[level:], package, level)
           ^^^^^^^^^^^^^^^^^^^^^^^^^^^^^^^^^^^^^^^^^^^^^^^^^^^^
  File "<frozen importlib._bootstrap>", line 1387, in _gcd_import
  File "<frozen importlib._bootstrap>", line 1360, in _find_and_load
  File "<frozen importlib._bootstrap>", line 1324, in _find_and_load_unlocked
ModuleNotFoundError: No module named 'paylik_erp'

During handling of the above exception, another exception occurred:

Traceback (most recent call last):
  File "/home/soumaya/frappe-bench/apps/frappe/frappe/utils/error.py", line 86, in log_error_snapshot
    log_error(title=str(exception), defer_insert=True)
  File "/home/soumaya/frappe-bench/apps/frappe/frappe/utils/error.py", line 61, in log_error
    error_log = frappe.get_doc(
                ^^^^^^^^^^^^^^^
  File "/home/soumaya/frappe-bench/apps/frappe/frappe/__init__.py", line 1333, in get_doc
    doc = frappe.model.document.get_doc(*args, **kwargs)
          ^^^^^^^^^^^^^^^^^^^^^^^^^^^^^^^^^^^^^^^^^^^^^^
  File "/home/soumaya/frappe-bench/apps/frappe/frappe/model/document.py", line 83, in get_doc
    controller = get_controller(doctype)
                 ^^^^^^^^^^^^^^^^^^^^^^^
  File "/home/soumaya/frappe-bench/apps/frappe/frappe/model/base_document.py", line 66, in get_controller
    return import_controller(doctype)
           ^^^^^^^^^^^^^^^^^^^^^^^^^^
  File "/home/soumaya/frappe-bench/apps/frappe/frappe/model/base_document.py", line 88, in import_controller
    class_overrides = frappe.get_hooks("override_doctype_class")
                      ^^^^^^^^^^^^^^^^^^^^^^^^^^^^^^^^^^^^^^^^^^
  File "/home/soumaya/frappe-bench/apps/frappe/frappe/__init__.py", line 1641, in get_hooks
    hooks = _dict(_load_app_hooks())
                  ^^^^^^^^^^^^^^^^^
  File "/home/soumaya/frappe-bench/apps/frappe/frappe/utils/caching.py", line 45, in wrapper
    return func(*args, **kwargs)
           ^^^^^^^^^^^^^^^^^^^^^
  File "/home/soumaya/frappe-bench/apps/frappe/frappe/__init__.py", line 1610, in _load_app_hooks
    app_hooks = get_module(f"{app}.hooks")
                ^^^^^^^^^^^^^^^^^^^^^^^^^^
  File "/home/soumaya/frappe-bench/apps/frappe/frappe/__init__.py", line 1476, in get_module
    return importlib.import_module(modulename)
           ^^^^^^^^^^^^^^^^^^^^^^^^^^^^^^^^^^^
  File "/usr/lib/python3.12/importlib/__init__.py", line 90, in import_module
    return _bootstrap._gcd_import(name[level:], package, level)
           ^^^^^^^^^^^^^^^^^^^^^^^^^^^^^^^^^^^^^^^^^^^^^^^^^^^^
  File "<frozen importlib._bootstrap>", line 1387, in _gcd_import
  File "<frozen importlib._bootstrap>", line 1360, in _find_and_load
  File "<frozen importlib._bootstrap>", line 1310, in _find_and_load_unlocked
  File "<frozen importlib._bootstrap>", line 488, in _call_with_frames_removed
  File "<frozen importlib._bootstrap>", line 1387, in _gcd_import
  File "<frozen importlib._bootstrap>", line 1360, in _find_and_load
  File "<frozen importlib._bootstrap>", line 1324, in _find_and_load_unlocked
ModuleNotFoundError: No module named 'paylik_erp'
